Using pre-set license
Built from '2020.3/staging' branch; Version is '2020.3.4f1 (0abb6314276a) revision 703331'; Using compiler version '192528614'; Build Type 'Release'
OS: 'Windows 10 Home; OS build 19043.1466; Version 2009; 64bit' Language: 'cs' Physical Memory: 16301 MB
BatchMode: 1, IsHumanControllingUs: 0, StartBugReporterOnCrash: 0, Is64bit: 1, IsPro: 0

 COMMAND LINE ARGUMENTS:
D:\Unity\2020.3.4f1\Editor\Unity.exe
-adb2
-batchMode
-noUpm
-name
AssetImportWorker0
-projectPath
D:/Unity/PROJECTS/Mirror Learning
-logFile
Logs/AssetImportWorker0.log
-srvPort
61722
Successfully changed project path to: D:/Unity/PROJECTS/Mirror Learning
D:/Unity/PROJECTS/Mirror Learning
Using Asset Import Pipeline V2.
Refreshing native plugins compatible for Editor in 123.35 ms, found 0 plugins.
Preloading 0 native plugins for Editor in 0.00 ms.
Initialize engine version: 2020.3.4f1 (0abb6314276a)
[Subsystems] Discovering subsystems at path D:/Unity/2020.3.4f1/Editor/Data/Resources/UnitySubsystems
[Subsystems] Discovering subsystems at path D:/Unity/PROJECTS/Mirror Learning/Assets
GfxDevice: creating device client; threaded=0
Direct3D:
    Version:  Direct3D 11.0 [level 11.1]
    Renderer: NVIDIA GeForce GTX 1060 3GB (ID=0x1c02)
    Vendor:   
    VRAM:     2988 MB
    Driver:   30.0.14.9649
Initialize mono
Mono path[0] = 'D:/Unity/2020.3.4f1/Editor/Data/Managed'
Mono path[1] = 'D:/Unity/2020.3.4f1/Editor/Data/MonoBleedingEdge/lib/mono/unityjit'
Mono config path = 'D:/Unity/2020.3.4f1/Editor/Data/MonoBleedingEdge/etc'
Using monoOptions --debugger-agent=transport=dt_socket,embedding=1,server=y,suspend=n,address=127.0.0.1:56088
Begin MonoManager ReloadAssembly
Registering precompiled unity dll's ...
Register platform support module: D:/Unity/2020.3.4f1/Editor/Data/PlaybackEngines/WindowsStandaloneSupport/UnityEditor.WindowsStandalone.Extensions.dll
Register platform support module: D:/Unity/2020.3.4f1/Editor/Data/PlaybackEngines/LinuxStandaloneSupport/UnityEditor.LinuxStandalone.Extensions.dll
Registered in 0.037380 seconds.
Native extension for LinuxStandalone target not found
Native extension for WindowsStandalone target not found
Refreshing native plugins compatible for Editor in 20.32 ms, found 0 plugins.
Preloading 0 native plugins for Editor in 0.00 ms.
Mono: successfully reloaded assembly
- Completed reload, in  4.726 seconds
Platform modules already initialized, skipping
Registering precompiled user dll's ...
Registered in 0.018375 seconds.
Begin MonoManager ReloadAssembly
Native extension for LinuxStandalone target not found
Native extension for WindowsStandalone target not found
Refreshing native plugins compatible for Editor in 0.29 ms, found 0 plugins.
Preloading 0 native plugins for Editor in 0.00 ms.
Mono: successfully reloaded assembly
- Completed reload, in  0.998 seconds
Platform modules already initialized, skipping
========================================================================
Worker process is ready to serve import requests
Launched and connected shader compiler UnityShaderCompiler.exe after 0.14 seconds
Refreshing native plugins compatible for Editor in 0.30 ms, found 0 plugins.
Preloading 0 native plugins for Editor in 0.00 ms.
Unloading 1455 Unused Serialized files (Serialized files now loaded: 0)
System memory in use before: 69.1 MB.
System memory in use after: 69.2 MB.

Unloading 15 unused Assets to reduce memory usage. Loaded Objects now: 1895.
Total: 2.014400 ms (FindLiveObjects: 0.229500 ms CreateObjectMapping: 0.106600 ms MarkObjects: 1.592700 ms  DeleteObjects: 0.084900 ms)

========================================================================
Received Import Request.
  path: Assets/Mirror/Examples/AdditiveLevels/Materials/Portal.mat
  artifactKey: Guid(3500dce637708024da2f2e45e4f71cd3) Importer(815301076,1909f56bfc062723c751e8b465ee728b)
Start importing Assets/Mirror/Examples/AdditiveLevels/Materials/Portal.mat using Guid(3500dce637708024da2f2e45e4f71cd3) Importer(815301076,1909f56bfc062723c751e8b465ee728b)  -> (artifact id: '2d0f8f0493b02f66b3ebea6ce0311dc7') in 0.212232 seconds
  Import took 0.214394 seconds .

========================================================================
Received Import Request.
  Time since last request: 0.000493 seconds.
  path: Assets/TextMesh Pro/Resources/Fonts & Materials/LiberationSans SDF - Outline.mat
  artifactKey: Guid(79459efec17a4d00a321bdcc27bbc385) Importer(815301076,1909f56bfc062723c751e8b465ee728b)
Start importing Assets/TextMesh Pro/Resources/Fonts & Materials/LiberationSans SDF - Outline.mat using Guid(79459efec17a4d00a321bdcc27bbc385) Importer(815301076,1909f56bfc062723c751e8b465ee728b)  -> (artifact id: 'e17d75050bd84aaab5258140df79c8e1') in 0.062461 seconds
  Import took 0.078427 seconds .

========================================================================
Received Import Request.
  Time since last request: 0.000121 seconds.
  path: Assets/Mirror/Examples/Tanks/Textures/(Public Domain) Dirt Hand Painted Texture/Dirt.mat
  artifactKey: Guid(29b49c27a74f145918356859bd7af511) Importer(815301076,1909f56bfc062723c751e8b465ee728b)
Start importing Assets/Mirror/Examples/Tanks/Textures/(Public Domain) Dirt Hand Painted Texture/Dirt.mat using Guid(29b49c27a74f145918356859bd7af511) Importer(815301076,1909f56bfc062723c751e8b465ee728b)  -> (artifact id: 'dd0f2c1d4a2619362543b64757e7ce34') in 0.186908 seconds
  Import took 0.216650 seconds .

========================================================================
Received Import Request.
  Time since last request: 0.000138 seconds.
  path: Assets/Mirror/Examples/MultipleAdditiveScenes/Materials/Render/PlayArea.mat
  artifactKey: Guid(42fe0bcfbb65da3429ae2c289686e024) Importer(815301076,1909f56bfc062723c751e8b465ee728b)
Start importing Assets/Mirror/Examples/MultipleAdditiveScenes/Materials/Render/PlayArea.mat using Guid(42fe0bcfbb65da3429ae2c289686e024) Importer(815301076,1909f56bfc062723c751e8b465ee728b)  -> (artifact id: 'c0aa07adbafddffff7a7092507192f80') in 0.158999 seconds
  Import took 0.173546 seconds .

========================================================================
Received Import Request.
  Time since last request: 0.000191 seconds.
  path: Assets/Mirror/Examples/AdditiveLevels/Materials/Skybox.mat
  artifactKey: Guid(81f714daf7144784b8a2f42f1cd30927) Importer(815301076,1909f56bfc062723c751e8b465ee728b)
Start importing Assets/Mirror/Examples/AdditiveLevels/Materials/Skybox.mat using Guid(81f714daf7144784b8a2f42f1cd30927) Importer(815301076,1909f56bfc062723c751e8b465ee728b)  -> (artifact id: 'c263db3cab518e1610fddd39b269b6c6') in 0.279682 seconds
  Import took 0.292614 seconds .

========================================================================
Received Import Request.
  Time since last request: 0.000129 seconds.
  path: Assets/Mirror/Examples/RigidbodyPhysics/Materials/Green.mat
  artifactKey: Guid(bbe2c7293af197640a2b40018e79b9a6) Importer(815301076,1909f56bfc062723c751e8b465ee728b)
Start importing Assets/Mirror/Examples/RigidbodyPhysics/Materials/Green.mat using Guid(bbe2c7293af197640a2b40018e79b9a6) Importer(815301076,1909f56bfc062723c751e8b465ee728b)  -> (artifact id: '628bbb460252d88642eeca4cb6ef86d5') in 0.011019 seconds
  Import took 0.020857 seconds .

========================================================================
Received Import Request.
  Time since last request: 0.000125 seconds.
  path: Assets/Mirror/Examples/AdditiveLevels/Materials/CubeSphere.mat
  artifactKey: Guid(38950807c6bf6454dbef567827b770b6) Importer(815301076,1909f56bfc062723c751e8b465ee728b)
Start importing Assets/Mirror/Examples/AdditiveLevels/Materials/CubeSphere.mat using Guid(38950807c6bf6454dbef567827b770b6) Importer(815301076,1909f56bfc062723c751e8b465ee728b)  -> (artifact id: '377608439ca6cf47275c6768131b8ca3') in 0.011901 seconds
  Import took 0.013695 seconds .

========================================================================
Received Import Request.
  Time since last request: 0.000119 seconds.
  path: Assets/Mirror/Examples/MultipleAdditiveScenes/Models/Icosphere/Icosphere.obj
  artifactKey: Guid(1fe56a0e685b8434ebfeb53c69b59a5e) Importer(815301076,1909f56bfc062723c751e8b465ee728b)
Start importing Assets/Mirror/Examples/MultipleAdditiveScenes/Models/Icosphere/Icosphere.obj using Guid(1fe56a0e685b8434ebfeb53c69b59a5e) Importer(815301076,1909f56bfc062723c751e8b465ee728b)  -> (artifact id: '960c9468a6f1bbe95d69602e09b55d0a') in 0.164113 seconds
  Import took 0.166437 seconds .

========================================================================
Received Import Request.
  Time since last request: 0.000142 seconds.
  path: Assets/Mirror/Examples/AdditiveScenes/Materials/Player.mat
  artifactKey: Guid(792117fe9a386a8489e8010bec746339) Importer(815301076,1909f56bfc062723c751e8b465ee728b)
Start importing Assets/Mirror/Examples/AdditiveScenes/Materials/Player.mat using Guid(792117fe9a386a8489e8010bec746339) Importer(815301076,1909f56bfc062723c751e8b465ee728b)  -> (artifact id: '10058be25369237f71cc5eead24d40a5') in 0.008849 seconds
  Import took 0.011109 seconds .

========================================================================
Received Import Request.
  Time since last request: 0.000151 seconds.
  path: Assets/SCENE2/Player.mat
  artifactKey: Guid(ed1185ad9713591468d447ca5e10f12d) Importer(815301076,1909f56bfc062723c751e8b465ee728b)
Start importing Assets/SCENE2/Player.mat using Guid(ed1185ad9713591468d447ca5e10f12d) Importer(815301076,1909f56bfc062723c751e8b465ee728b)  -> (artifact id: '29f800c91dba97f170f2fcafbff24e84') in 0.017559 seconds
  Import took 0.019923 seconds .

========================================================================
Received Import Request.
  Time since last request: 0.000132 seconds.
  path: Assets/Mirror/Examples/Room/Materials/Player.mat
  artifactKey: Guid(ac64a68d9ea8fa9459ff2f158065c1d0) Importer(815301076,1909f56bfc062723c751e8b465ee728b)
Start importing Assets/Mirror/Examples/Room/Materials/Player.mat using Guid(ac64a68d9ea8fa9459ff2f158065c1d0) Importer(815301076,1909f56bfc062723c751e8b465ee728b)  -> (artifact id: '71ac5f33729e69c721307ceef445877e') in 0.007616 seconds
  Import took 0.009463 seconds .

========================================================================
Received Import Request.
  Time since last request: 0.000147 seconds.
  path: Assets/Mirror/Examples/Tanks/Models/(Public Domain) Recon_Tank/TankMaterial.mat
  artifactKey: Guid(2e67e42170aa64aa9a33424f8045ac89) Importer(815301076,1909f56bfc062723c751e8b465ee728b)
Start importing Assets/Mirror/Examples/Tanks/Models/(Public Domain) Recon_Tank/TankMaterial.mat using Guid(2e67e42170aa64aa9a33424f8045ac89) Importer(815301076,1909f56bfc062723c751e8b465ee728b)  -> (artifact id: '1fab0264ba248bb7f7826ffcc28336e5') in 0.125404 seconds
  Import took 0.127442 seconds .

========================================================================
Received Import Request.
  Time since last request: 0.000129 seconds.
  path: Assets/Mirror/Examples/AdditiveScenes/Materials/Quad.mat
  artifactKey: Guid(6eb3f3ba66756364d8b94e662e7e8af5) Importer(815301076,1909f56bfc062723c751e8b465ee728b)
Start importing Assets/Mirror/Examples/AdditiveScenes/Materials/Quad.mat using Guid(6eb3f3ba66756364d8b94e662e7e8af5) Importer(815301076,1909f56bfc062723c751e8b465ee728b)  -> (artifact id: '0d5048793c67aa19bc6ed648e4fcfc1a') in 0.008707 seconds
  Import took 0.010754 seconds .

========================================================================
Received Import Request.
  Time since last request: 0.000126 seconds.
  path: Assets/Mirror/Examples/MultipleAdditiveScenes/Models/Icosphere/Materials/Icosphere.mat
  artifactKey: Guid(7e6bf26596c6f564097734c7cc319e15) Importer(815301076,1909f56bfc062723c751e8b465ee728b)
Start importing Assets/Mirror/Examples/MultipleAdditiveScenes/Models/Icosphere/Materials/Icosphere.mat using Guid(7e6bf26596c6f564097734c7cc319e15) Importer(815301076,1909f56bfc062723c751e8b465ee728b)  -> (artifact id: 'a92adbf5029ab57adcac7573ce50d7b0') in 0.012044 seconds
  Import took 0.034539 seconds .

========================================================================
Received Import Request.
  Time since last request: 0.000131 seconds.
  path: Assets/Mirror/Examples/Tanks/Models/(Public Domain) Recon_Tank/reconTank.fbx
  artifactKey: Guid(38b49695fc0a4418bbc350f2366660c5) Importer(815301076,1909f56bfc062723c751e8b465ee728b)
Start importing Assets/Mirror/Examples/Tanks/Models/(Public Domain) Recon_Tank/reconTank.fbx using Guid(38b49695fc0a4418bbc350f2366660c5) Importer(815301076,1909f56bfc062723c751e8b465ee728b)  -> (artifact id: '82bb7e89172d7e55d282524a187f3710') in 0.124059 seconds
  Import took 0.126157 seconds .

========================================================================
Received Import Request.
  Time since last request: 0.000144 seconds.
  path: Assets/Mirror/Examples/Room/Materials/PlayArea.mat
  artifactKey: Guid(3201636fa507dad448e9a36d66a80825) Importer(815301076,1909f56bfc062723c751e8b465ee728b)
Start importing Assets/Mirror/Examples/Room/Materials/PlayArea.mat using Guid(3201636fa507dad448e9a36d66a80825) Importer(815301076,1909f56bfc062723c751e8b465ee728b)  -> (artifact id: '1fdcaa74a3f85c0fa128f5bdd5069ac7') in 0.010411 seconds
  Import took 0.012430 seconds .

========================================================================
Received Import Request.
  Time since last request: 0.000178 seconds.
  path: Assets/Mirror/Examples/MultipleAdditiveScenes/Materials/Render/Prize.mat
  artifactKey: Guid(2becd2014627a774e9e8f668f281f1d2) Importer(815301076,1909f56bfc062723c751e8b465ee728b)
Start importing Assets/Mirror/Examples/MultipleAdditiveScenes/Materials/Render/Prize.mat using Guid(2becd2014627a774e9e8f668f281f1d2) Importer(815301076,1909f56bfc062723c751e8b465ee728b)  -> (artifact id: 'debd1c0e0f396a6a08b038f839ef3b7b') in 0.011971 seconds
  Import took 0.014540 seconds .

========================================================================
Received Import Request.
  Time since last request: 0.000234 seconds.
  path: Assets/Mirror/Examples/AdditiveLevels/Materials/StartPoint.mat
  artifactKey: Guid(ec3b6ac9651c31248bcfbf695e6f597a) Importer(815301076,1909f56bfc062723c751e8b465ee728b)
Start importing Assets/Mirror/Examples/AdditiveLevels/Materials/StartPoint.mat using Guid(ec3b6ac9651c31248bcfbf695e6f597a) Importer(815301076,1909f56bfc062723c751e8b465ee728b)  -> (artifact id: '7d57328b6884e7ece0ee877936610d56') in 0.015180 seconds
  Import took 0.042646 seconds .

========================================================================
Received Import Request.
  Time since last request: 0.000138 seconds.
  path: Assets/Mirror/Examples/Benchmark/Materials/White.mat
  artifactKey: Guid(ff8f106e5c9e34da28ad9cee6edb2255) Importer(815301076,1909f56bfc062723c751e8b465ee728b)
Start importing Assets/Mirror/Examples/Benchmark/Materials/White.mat using Guid(ff8f106e5c9e34da28ad9cee6edb2255) Importer(815301076,1909f56bfc062723c751e8b465ee728b)  -> (artifact id: 'bdfd5bbb4cabf79db0d3515584af1b69') in 0.010621 seconds
  Import took 0.012843 seconds .

========================================================================
Received Import Request.
  Time since last request: 0.000132 seconds.
  path: Assets/TextMesh Pro/Resources/Fonts & Materials/LiberationSans SDF - Fallback.asset
  artifactKey: Guid(2e498d1c8094910479dc3e1b768306a4) Importer(815301076,1909f56bfc062723c751e8b465ee728b)
Start importing Assets/TextMesh Pro/Resources/Fonts & Materials/LiberationSans SDF - Fallback.asset using Guid(2e498d1c8094910479dc3e1b768306a4) Importer(815301076,1909f56bfc062723c751e8b465ee728b)  -> (artifact id: '94f8f86e6c29ded152079feb8539f107') in 0.077464 seconds
  Import took 0.096784 seconds .

========================================================================
Received Import Request.
  Time since last request: 0.000149 seconds.
  path: Assets/Mirror/Examples/AdditiveScenes/Materials/Cylinder.mat
  artifactKey: Guid(439a10ee8f8d14040be9003239449741) Importer(815301076,1909f56bfc062723c751e8b465ee728b)
Start importing Assets/Mirror/Examples/AdditiveScenes/Materials/Cylinder.mat using Guid(439a10ee8f8d14040be9003239449741) Importer(815301076,1909f56bfc062723c751e8b465ee728b)  -> (artifact id: 'c788f80c02a5e3f77a30bbb52ccd1f4b') in 0.009413 seconds
  Import took 0.023686 seconds .

========================================================================
Received Import Request.
  Time since last request: 0.000143 seconds.
  path: Assets/Mirror/Examples/AdditiveScenes/Materials/Capsule.mat
  artifactKey: Guid(3ec90781e3720544da7fc86055e6cbe6) Importer(815301076,1909f56bfc062723c751e8b465ee728b)
Start importing Assets/Mirror/Examples/AdditiveScenes/Materials/Capsule.mat using Guid(3ec90781e3720544da7fc86055e6cbe6) Importer(815301076,1909f56bfc062723c751e8b465ee728b)  -> (artifact id: '1d065d16e620c6536d5ac0b7fdc40dac') in 0.009195 seconds
  Import took 0.011191 seconds .

========================================================================
Received Import Request.
  Time since last request: 0.000140 seconds.
  path: Assets/TextMesh Pro/Fonts/LiberationSans.ttf
  artifactKey: Guid(e3265ab4bf004d28a9537516768c1c75) Importer(815301076,1909f56bfc062723c751e8b465ee728b)
Start importing Assets/TextMesh Pro/Fonts/LiberationSans.ttf using Guid(e3265ab4bf004d28a9537516768c1c75) Importer(815301076,1909f56bfc062723c751e8b465ee728b)  -> (artifact id: '4399bf1816d1cfa0262eb50a27511f58') in 0.016055 seconds
  Import took 0.018623 seconds .

========================================================================
Received Import Request.
  Time since last request: 0.000127 seconds.
  path: Assets/TextMesh Pro/Resources/Fonts & Materials/LiberationSans SDF - Drop Shadow.mat
  artifactKey: Guid(e73a58f6e2794ae7b1b7e50b7fb811b0) Importer(815301076,1909f56bfc062723c751e8b465ee728b)
Start importing Assets/TextMesh Pro/Resources/Fonts & Materials/LiberationSans SDF - Drop Shadow.mat using Guid(e73a58f6e2794ae7b1b7e50b7fb811b0) Importer(815301076,1909f56bfc062723c751e8b465ee728b)  -> (artifact id: 'e070219785fe5b1a31c34190742ac2f0') in 0.054367 seconds
  Import took 0.056410 seconds .

========================================================================
Received Import Request.
  Time since last request: 0.000157 seconds.
  path: Assets/Mirror/Examples/AdditiveLevels/Materials/Player.mat
  artifactKey: Guid(6b7039502d1528a4db29c4d43d159b01) Importer(815301076,1909f56bfc062723c751e8b465ee728b)
Start importing Assets/Mirror/Examples/AdditiveLevels/Materials/Player.mat using Guid(6b7039502d1528a4db29c4d43d159b01) Importer(815301076,1909f56bfc062723c751e8b465ee728b)  -> (artifact id: '0629c132368ce5e202fbb986273feb0e') in 0.005977 seconds
  Import took 0.009394 seconds .

========================================================================
Received Import Request.
  Time since last request: 0.000140 seconds.
  path: Assets/Mirror/Examples/Room/Materials/Prize.mat
  artifactKey: Guid(a1d7c9f39b41d414d86e64f7761cd545) Importer(815301076,1909f56bfc062723c751e8b465ee728b)
Start importing Assets/Mirror/Examples/Room/Materials/Prize.mat using Guid(a1d7c9f39b41d414d86e64f7761cd545) Importer(815301076,1909f56bfc062723c751e8b465ee728b)  -> (artifact id: 'dff3db5022259435235ede40dbb97b2a') in 0.005844 seconds
  Import took 0.007698 seconds .

========================================================================
Received Import Request.
  Time since last request: 0.000119 seconds.
  path: Assets/Mirror/Examples/AdditiveLevels/Materials/Ground.mat
  artifactKey: Guid(20d755ab53045e545ab0b6e59c710ed9) Importer(815301076,1909f56bfc062723c751e8b465ee728b)
Start importing Assets/Mirror/Examples/AdditiveLevels/Materials/Ground.mat using Guid(20d755ab53045e545ab0b6e59c710ed9) Importer(815301076,1909f56bfc062723c751e8b465ee728b)  -> (artifact id: '53cb19622a0318d447934c57d17a7ef5') in 0.010612 seconds
  Import took 0.012914 seconds .

========================================================================
Received Import Request.
  Time since last request: 0.000129 seconds.
  path: Assets/Mirror/Examples/AdditiveScenes/Materials/Zone.mat
  artifactKey: Guid(a7c679cf124f7ae46a0291ea35848554) Importer(815301076,1909f56bfc062723c751e8b465ee728b)
Start importing Assets/Mirror/Examples/AdditiveScenes/Materials/Zone.mat using Guid(a7c679cf124f7ae46a0291ea35848554) Importer(815301076,1909f56bfc062723c751e8b465ee728b)  -> (artifact id: '5448f2316c281cc3d5154122ed3b26ca') in 0.007018 seconds
  Import took 0.008892 seconds .

========================================================================
Received Import Request.
  Time since last request: 0.000128 seconds.
  path: Assets/Mirror/Examples/Benchmark/Materials/Red.mat
  artifactKey: Guid(451c5da2c5056496297cffba02216286) Importer(815301076,1909f56bfc062723c751e8b465ee728b)
Start importing Assets/Mirror/Examples/Benchmark/Materials/Red.mat using Guid(451c5da2c5056496297cffba02216286) Importer(815301076,1909f56bfc062723c751e8b465ee728b)  -> (artifact id: 'da517f37cbc0586392bf670e03b9230a') in 0.008548 seconds
  Import took 0.010754 seconds .

========================================================================
Received Import Request.
  Time since last request: 0.000118 seconds.
  path: Assets/Mirror/Examples/AdditiveScenes/Materials/Cube.mat
  artifactKey: Guid(1d5f3015968dad04780bf9d2113cc772) Importer(815301076,1909f56bfc062723c751e8b465ee728b)
Start importing Assets/Mirror/Examples/AdditiveScenes/Materials/Cube.mat using Guid(1d5f3015968dad04780bf9d2113cc772) Importer(815301076,1909f56bfc062723c751e8b465ee728b)  -> (artifact id: '0b2e645cc0a98551f5826244a9d7c35f') in 0.011338 seconds
  Import took 0.013418 seconds .

========================================================================
Received Import Request.
  Time since last request: 0.000122 seconds.
  path: Assets/TextMesh Pro/Resources/Fonts & Materials/LiberationSans SDF.asset
  artifactKey: Guid(8f586378b4e144a9851e7b34d9b748ee) Importer(815301076,1909f56bfc062723c751e8b465ee728b)
Start importing Assets/TextMesh Pro/Resources/Fonts & Materials/LiberationSans SDF.asset using Guid(8f586378b4e144a9851e7b34d9b748ee) Importer(815301076,1909f56bfc062723c751e8b465ee728b)  -> (artifact id: 'f6ac8bc84c5ea01543b63be3651ab6fa') in 0.026121 seconds
  Import took 0.028436 seconds .

========================================================================
Received Import Request.
  Time since last request: 0.000119 seconds.
  path: Assets/Mirror/Examples/AdditiveScenes/Materials/Shelter.mat
  artifactKey: Guid(aef230244d219314fb8453f0365b8176) Importer(815301076,1909f56bfc062723c751e8b465ee728b)
Start importing Assets/Mirror/Examples/AdditiveScenes/Materials/Shelter.mat using Guid(aef230244d219314fb8453f0365b8176) Importer(815301076,1909f56bfc062723c751e8b465ee728b)  -> (artifact id: 'c7bf7ac362400a52718ed9bb9098fba5') in 0.009011 seconds
  Import took 0.011193 seconds .

========================================================================
Received Import Request.
  Time since last request: 0.000225 seconds.
  path: Assets/Mirror/Examples/AdditiveScenes/Materials/Sphere.mat
  artifactKey: Guid(58936713efca1ec488624ee297b5d687) Importer(815301076,1909f56bfc062723c751e8b465ee728b)
Start importing Assets/Mirror/Examples/AdditiveScenes/Materials/Sphere.mat using Guid(58936713efca1ec488624ee297b5d687) Importer(815301076,1909f56bfc062723c751e8b465ee728b)  -> (artifact id: '123c29f55a52c84f59aa36578e21f3d6') in 0.008362 seconds
  Import took 0.010382 seconds .

========================================================================
Received Import Request.
  Time since last request: 0.000130 seconds.
  path: Assets/Mirror/Examples/RigidbodyPhysics/Materials/Floor.mat
  artifactKey: Guid(2082151ae101a9445990e8a0fe9142da) Importer(815301076,1909f56bfc062723c751e8b465ee728b)
Start importing Assets/Mirror/Examples/RigidbodyPhysics/Materials/Floor.mat using Guid(2082151ae101a9445990e8a0fe9142da) Importer(815301076,1909f56bfc062723c751e8b465ee728b)  -> (artifact id: '6d43eaceeb1b0303ea6dfd3ca6ece71d') in 0.011572 seconds
  Import took 0.013600 seconds .

========================================================================
Received Import Request.
  Time since last request: 0.000120 seconds.
  path: Assets/Mirror/Examples/RigidbodyPhysics/Materials/Red.mat
  artifactKey: Guid(6ec777c59ba249a4aa16956e9dd9a0ee) Importer(815301076,1909f56bfc062723c751e8b465ee728b)
Start importing Assets/Mirror/Examples/RigidbodyPhysics/Materials/Red.mat using Guid(6ec777c59ba249a4aa16956e9dd9a0ee) Importer(815301076,1909f56bfc062723c751e8b465ee728b)  -> (artifact id: 'a7690869532ad428d60ac65fcad6cc29') in 0.012764 seconds
  Import took 0.014781 seconds .

========================================================================
Received Import Request.
  Time since last request: 0.000119 seconds.
  path: Assets/Mirror/Examples/RigidbodyPhysics/Materials/Blue.mat
  artifactKey: Guid(84335f003ad8f42408d13787e76d4f94) Importer(815301076,1909f56bfc062723c751e8b465ee728b)
Start importing Assets/Mirror/Examples/RigidbodyPhysics/Materials/Blue.mat using Guid(84335f003ad8f42408d13787e76d4f94) Importer(815301076,1909f56bfc062723c751e8b465ee728b)  -> (artifact id: '27c409ef11f981ac405de903a3904e55') in 0.012229 seconds
  Import took 0.014058 seconds .

========================================================================
Received Import Request.
  Time since last request: 0.000121 seconds.
  path: Assets/Mirror/Examples/MultipleAdditiveScenes/Materials/Render/Player.mat
  artifactKey: Guid(2089070a3452e6f4d866c53e51aae8f2) Importer(815301076,1909f56bfc062723c751e8b465ee728b)
Start importing Assets/Mirror/Examples/MultipleAdditiveScenes/Materials/Render/Player.mat using Guid(2089070a3452e6f4d866c53e51aae8f2) Importer(815301076,1909f56bfc062723c751e8b465ee728b)  -> (artifact id: '52c1581e9cdecd2e06353dec4e233b18') in 0.004834 seconds
  Import took 0.006460 seconds .

========================================================================
Received Import Request.
  Time since last request: 0.000137 seconds.
  path: Assets/Mirror/Examples/Tanks/Textures/ProjectileMaterial.mat
  artifactKey: Guid(cba1b63a0bccc4b12ac25f05d0ae2dd1) Importer(815301076,1909f56bfc062723c751e8b465ee728b)
Start importing Assets/Mirror/Examples/Tanks/Textures/ProjectileMaterial.mat using Guid(cba1b63a0bccc4b12ac25f05d0ae2dd1) Importer(815301076,1909f56bfc062723c751e8b465ee728b)  -> (artifact id: '73447dbaace68caa974a4487f0af02f1') in 0.011002 seconds
  Import took 0.012829 seconds .

AssetImportWorkerClient::OnTransportError - code=2 error=End of file
